<?xml version="1.0" encoding="UTF-8"?>
<!-- Generated by org.testng.reporters.JUnitXMLReporter -->
<testsuite ignored="6" hostname="DESKTOP-OQP30TJ" failures="0" tests="4" name="Test" time="41.478" errors="0" timestamp="2023-06-20T16:04:15 IST">
  <testcase classname="testcases.registertest" name="register" time="2.591"/>
  <testcase classname="testcases.verifylogin" name="validLogin" time="1.548"/>
  <testcase classname="testcases.verifyaddtocart" name="addcart1" time="4.075"/>
  <testcase classname="testcases.verifytab" name="verifytab" time="8.685"/>
  <testcase classname="resources.baseclass" name="@BeforeTest ExtentReport" time="0.0">
    <ignored/>
  </testcase> <!-- @BeforeTest ExtentReport -->
  <testcase classname="resources.baseclass" name="@AfterTest endReport" time="0.0">
    <ignored/>
  </testcase> <!-- @AfterTest endReport -->
  <testcase classname="resources.baseclass" name="@AfterTest endReport" time="0.0">
    <ignored/>
  </testcase> <!-- @AfterTest endReport -->
  <testcase classname="resources.baseclass" name="@AfterTest endReport" time="0.0">
    <ignored/>
  </testcase> <!-- @AfterTest endReport -->
  <testcase classname="resources.baseclass" name="@BeforeTest ExtentReport" time="0.0">
    <ignored/>
  </testcase> <!-- @BeforeTest ExtentReport -->
  <testcase classname="resources.baseclass" name="@BeforeTest ExtentReport" time="0.0">
    <ignored/>
  </testcase> <!-- @BeforeTest ExtentReport -->
</testsuite> <!-- Test -->
